ERROR - 2025-10-22 17:18:31 --> Error connecting to the database: mysqli_sql_exception: No connection could be made because the target machine actively refused it in C:\xampp_\htdocs\todo-list\system\Database\MySQLi\Connection.php:186
Stack trace:
#0 C:\xampp_\htdocs\todo-list\system\Database\MySQLi\Connection.php(186): mysqli->real_connect('localhost', 'root', Object(SensitiveParameterValue), 'db_list', 3306, '', 0)
#1 C:\xampp_\htdocs\todo-list\system\Database\BaseConnection.php(421): CodeIgniter\Database\MySQLi\Connection->connect(false)
#2 C:\xampp_\htdocs\todo-list\system\Database\BaseConnection.php(616): CodeIgniter\Database\BaseConnection->initialize()
#3 C:\xampp_\htdocs\todo-list\system\Database\BaseBuilder.php(1636): CodeIgniter\Database\BaseConnection->query('SELECT *\nFROM `...', Array, false)
#4 C:\xampp_\htdocs\todo-list\system\Model.php(286): CodeIgniter\Database\BaseBuilder->get()
#5 C:\xampp_\htdocs\todo-list\system\BaseModel.php(676): CodeIgniter\Model->doFindAll(0, 0)
#6 C:\xampp_\htdocs\todo-list\app\Controllers\Home.php(11): CodeIgniter\BaseModel->findAll()
#7 C:\xampp_\htdocs\todo-list\system\CodeIgniter.php(933): App\Controllers\Home->index123()
#8 C:\xampp_\htdocs\todo-list\system\CodeIgniter.php(509): CodeIgniter\CodeIgniter->runController(Object(App\Controllers\Home))
#9 C:\xampp_\htdocs\todo-list\system\CodeIgniter.php(355): CodeIgniter\CodeIgniter->handleRequest(NULL, Object(Config\Cache), false)
#10 C:\xampp_\htdocs\todo-list\system\Boot.php(325): CodeIgniter\CodeIgniter->run()
#11 C:\xampp_\htdocs\todo-list\system\Boot.php(67): CodeIgniter\Boot::runCodeIgniter(Object(CodeIgniter\CodeIgniter))
#12 C:\xampp_\htdocs\todo-list\public\index.php(56): CodeIgniter\Boot::bootWeb(Object(Config\Paths))
#13 C:\xampp_\htdocs\todo-list\system\rewrite.php(44): require_once('C:\\xampp_\\htdoc...')
#14 {main}

Next CodeIgniter\Database\Exceptions\DatabaseException: No connection could be made because the target machine actively refused it in C:\xampp_\htdocs\todo-list\system\Database\MySQLi\Connection.php:231
Stack trace:
#0 C:\xampp_\htdocs\todo-list\system\Database\BaseConnection.php(421): CodeIgniter\Database\MySQLi\Connection->connect(false)
#1 C:\xampp_\htdocs\todo-list\system\Database\BaseConnection.php(616): CodeIgniter\Database\BaseConnection->initialize()
#2 C:\xampp_\htdocs\todo-list\system\Database\BaseBuilder.php(1636): CodeIgniter\Database\BaseConnection->query('SELECT *\nFROM `...', Array, false)
#3 C:\xampp_\htdocs\todo-list\system\Model.php(286): CodeIgniter\Database\BaseBuilder->get()
#4 C:\xampp_\htdocs\todo-list\system\BaseModel.php(676): CodeIgniter\Model->doFindAll(0, 0)
#5 C:\xampp_\htdocs\todo-list\app\Controllers\Home.php(11): CodeIgniter\BaseModel->findAll()
#6 C:\xampp_\htdocs\todo-list\system\CodeIgniter.php(933): App\Controllers\Home->index123()
#7 C:\xampp_\htdocs\todo-list\system\CodeIgniter.php(509): CodeIgniter\CodeIgniter->runController(Object(App\Controllers\Home))
#8 C:\xampp_\htdocs\todo-list\system\CodeIgniter.php(355): CodeIgniter\CodeIgniter->handleRequest(NULL, Object(Config\Cache), false)
#9 C:\xampp_\htdocs\todo-list\system\Boot.php(325): CodeIgniter\CodeIgniter->run()
#10 C:\xampp_\htdocs\todo-list\system\Boot.php(67): CodeIgniter\Boot::runCodeIgniter(Object(CodeIgniter\CodeIgniter))
#11 C:\xampp_\htdocs\todo-list\public\index.php(56): CodeIgniter\Boot::bootWeb(Object(Config\Paths))
#12 C:\xampp_\htdocs\todo-list\system\rewrite.php(44): require_once('C:\\xampp_\\htdoc...')
#13 {main}
CRITICAL - 2025-10-22 17:18:31 --> CodeIgniter\Database\Exceptions\DatabaseException: Unable to connect to the database.
Main connection [MySQLi]: No connection could be made because the target machine actively refused it
[Method: GET, Route: /]
in SYSTEMPATH\Database\BaseConnection.php on line 467.
 1 SYSTEMPATH\Database\BaseConnection.php(616): CodeIgniter\Database\BaseConnection->initialize()
 2 SYSTEMPATH\Database\BaseBuilder.php(1636): CodeIgniter\Database\BaseConnection->query('SELECT *
FROM `tb_list`', [], false)
 3 SYSTEMPATH\Model.php(286): CodeIgniter\Database\BaseBuilder->get()
 4 SYSTEMPATH\BaseModel.php(676): CodeIgniter\Model->doFindAll(0, 0)
 5 APPPATH\Controllers\Home.php(11): CodeIgniter\BaseModel->findAll()
 6 SYSTEMPATH\CodeIgniter.php(933): App\Controllers\Home->index123()
 7 SYSTEMPATH\CodeIgniter.php(509): CodeIgniter\CodeIgniter->runController(Object(App\Controllers\Home))
 8 SYSTEMPATH\CodeIgniter.php(355): CodeIgniter\CodeIgniter->handleRequest(null, Object(Config\Cache), false)
 9 SYSTEMPATH\Boot.php(325): CodeIgniter\CodeIgniter->run()
10 SYSTEMPATH\Boot.php(67): CodeIgniter\Boot::runCodeIgniter(Object(CodeIgniter\CodeIgniter))
11 FCPATH\index.php(56): CodeIgniter\Boot::bootWeb(Object(Config\Paths))
12 SYSTEMPATH\rewrite.php(44): require_once('C:\\xampp_\\htdocs\\todo-list\\public\\index.php')
ERROR - 2025-10-22 17:18:54 --> Error connecting to the database: mysqli_sql_exception: No connection could be made because the target machine actively refused it in C:\xampp_\htdocs\todo-list\system\Database\MySQLi\Connection.php:186
Stack trace:
#0 C:\xampp_\htdocs\todo-list\system\Database\MySQLi\Connection.php(186): mysqli->real_connect('localhost', 'root', Object(SensitiveParameterValue), 'db_list', 3306, '', 0)
#1 C:\xampp_\htdocs\todo-list\system\Database\BaseConnection.php(421): CodeIgniter\Database\MySQLi\Connection->connect(false)
#2 C:\xampp_\htdocs\todo-list\system\Database\BaseConnection.php(616): CodeIgniter\Database\BaseConnection->initialize()
#3 C:\xampp_\htdocs\todo-list\system\Database\BaseBuilder.php(1636): CodeIgniter\Database\BaseConnection->query('SELECT *\nFROM `...', Array, false)
#4 C:\xampp_\htdocs\todo-list\system\Model.php(286): CodeIgniter\Database\BaseBuilder->get()
#5 C:\xampp_\htdocs\todo-list\system\BaseModel.php(676): CodeIgniter\Model->doFindAll(0, 0)
#6 C:\xampp_\htdocs\todo-list\app\Controllers\Home.php(11): CodeIgniter\BaseModel->findAll()
#7 C:\xampp_\htdocs\todo-list\system\CodeIgniter.php(933): App\Controllers\Home->index123()
#8 C:\xampp_\htdocs\todo-list\system\CodeIgniter.php(509): CodeIgniter\CodeIgniter->runController(Object(App\Controllers\Home))
#9 C:\xampp_\htdocs\todo-list\system\CodeIgniter.php(355): CodeIgniter\CodeIgniter->handleRequest(NULL, Object(Config\Cache), false)
#10 C:\xampp_\htdocs\todo-list\system\Boot.php(325): CodeIgniter\CodeIgniter->run()
#11 C:\xampp_\htdocs\todo-list\system\Boot.php(67): CodeIgniter\Boot::runCodeIgniter(Object(CodeIgniter\CodeIgniter))
#12 C:\xampp_\htdocs\todo-list\public\index.php(56): CodeIgniter\Boot::bootWeb(Object(Config\Paths))
#13 C:\xampp_\htdocs\todo-list\system\rewrite.php(44): require_once('C:\\xampp_\\htdoc...')
#14 {main}

Next CodeIgniter\Database\Exceptions\DatabaseException: No connection could be made because the target machine actively refused it in C:\xampp_\htdocs\todo-list\system\Database\MySQLi\Connection.php:231
Stack trace:
#0 C:\xampp_\htdocs\todo-list\system\Database\BaseConnection.php(421): CodeIgniter\Database\MySQLi\Connection->connect(false)
#1 C:\xampp_\htdocs\todo-list\system\Database\BaseConnection.php(616): CodeIgniter\Database\BaseConnection->initialize()
#2 C:\xampp_\htdocs\todo-list\system\Database\BaseBuilder.php(1636): CodeIgniter\Database\BaseConnection->query('SELECT *\nFROM `...', Array, false)
#3 C:\xampp_\htdocs\todo-list\system\Model.php(286): CodeIgniter\Database\BaseBuilder->get()
#4 C:\xampp_\htdocs\todo-list\system\BaseModel.php(676): CodeIgniter\Model->doFindAll(0, 0)
#5 C:\xampp_\htdocs\todo-list\app\Controllers\Home.php(11): CodeIgniter\BaseModel->findAll()
#6 C:\xampp_\htdocs\todo-list\system\CodeIgniter.php(933): App\Controllers\Home->index123()
#7 C:\xampp_\htdocs\todo-list\system\CodeIgniter.php(509): CodeIgniter\CodeIgniter->runController(Object(App\Controllers\Home))
#8 C:\xampp_\htdocs\todo-list\system\CodeIgniter.php(355): CodeIgniter\CodeIgniter->handleRequest(NULL, Object(Config\Cache), false)
#9 C:\xampp_\htdocs\todo-list\system\Boot.php(325): CodeIgniter\CodeIgniter->run()
#10 C:\xampp_\htdocs\todo-list\system\Boot.php(67): CodeIgniter\Boot::runCodeIgniter(Object(CodeIgniter\CodeIgniter))
#11 C:\xampp_\htdocs\todo-list\public\index.php(56): CodeIgniter\Boot::bootWeb(Object(Config\Paths))
#12 C:\xampp_\htdocs\todo-list\system\rewrite.php(44): require_once('C:\\xampp_\\htdoc...')
#13 {main}
CRITICAL - 2025-10-22 17:18:54 --> CodeIgniter\Database\Exceptions\DatabaseException: Unable to connect to the database.
Main connection [MySQLi]: No connection could be made because the target machine actively refused it
[Method: GET, Route: /]
in SYSTEMPATH\Database\BaseConnection.php on line 467.
 1 SYSTEMPATH\Database\BaseConnection.php(616): CodeIgniter\Database\BaseConnection->initialize()
 2 SYSTEMPATH\Database\BaseBuilder.php(1636): CodeIgniter\Database\BaseConnection->query('SELECT *
FROM `tb_list`', [], false)
 3 SYSTEMPATH\Model.php(286): CodeIgniter\Database\BaseBuilder->get()
 4 SYSTEMPATH\BaseModel.php(676): CodeIgniter\Model->doFindAll(0, 0)
 5 APPPATH\Controllers\Home.php(11): CodeIgniter\BaseModel->findAll()
 6 SYSTEMPATH\CodeIgniter.php(933): App\Controllers\Home->index123()
 7 SYSTEMPATH\CodeIgniter.php(509): CodeIgniter\CodeIgniter->runController(Object(App\Controllers\Home))
 8 SYSTEMPATH\CodeIgniter.php(355): CodeIgniter\CodeIgniter->handleRequest(null, Object(Config\Cache), false)
 9 SYSTEMPATH\Boot.php(325): CodeIgniter\CodeIgniter->run()
10 SYSTEMPATH\Boot.php(67): CodeIgniter\Boot::runCodeIgniter(Object(CodeIgniter\CodeIgniter))
11 FCPATH\index.php(56): CodeIgniter\Boot::bootWeb(Object(Config\Paths))
12 SYSTEMPATH\rewrite.php(44): require_once('C:\\xampp_\\htdocs\\todo-list\\public\\index.php')
INFO - 2025-10-22 17:19:10 --> Session: Class initialized using 'CodeIgniter\Session\Handlers\FileHandler' driver.
